ERROR - 2024-12-02 21:48:50 --> Error connecting to the database: mysqli_sql_exception: Une tentative de connexion a échoué car le parti connecté n’a pas répondu convenablement au-delà d’une certaine durée ou une connexion établie a échoué car l’hôte de connexion n’a pas répondu in C:\wamp64\www\codeignit\system\Database\MySQLi\Connection.php:185
Stack trace:
#0 C:\wamp64\www\codeignit\system\Database\MySQLi\Connection.php(185): mysqli->real_connect('172.16.203.206', 'sio', 'Vanille2010', 'TPContact', 3306, '', 0)
#1 C:\wamp64\www\codeignit\system\Database\BaseConnection.php(392): CodeIgniter\Database\MySQLi\Connection->connect(false)
#2 C:\wamp64\www\codeignit\system\Database\BaseConnection.php(575): CodeIgniter\Database\BaseConnection->initialize()
#3 C:\wamp64\www\codeignit\app\Models\Monmodele.php(9): CodeIgniter\Database\BaseConnection->query('SELECT * FROM C...')
#4 C:\wamp64\www\codeignit\app\Controllers\Moncontroleur.php(9): App\Models\Monmodele->getLesContacts()
#5 C:\wamp64\www\codeignit\system\CodeIgniter.php(942): App\Controllers\Moncontroleur->index()
#6 C:\wamp64\www\codeignit\system\CodeIgniter.php(502): CodeIgniter\CodeIgniter->runController(Object(App\Controllers\Moncontroleur))
#7 C:\wamp64\www\codeignit\system\CodeIgniter.php(361): CodeIgniter\CodeIgniter->handleRequest(NULL, Object(Config\Cache), false)
#8 C:\wamp64\www\codeignit\public\index.php(79): CodeIgniter\CodeIgniter->run()
#9 {main}

Next CodeIgniter\Database\Exceptions\DatabaseException: Une tentative de connexion a échoué car le parti connecté n’a pas répondu convenablement au-delà d’une certaine durée ou une connexion établie a échoué car l’hôte de connexion n’a pas répondu in C:\wamp64\www\codeignit\system\Database\MySQLi\Connection.php:229
Stack trace:
#0 C:\wamp64\www\codeignit\system\Database\BaseConnection.php(392): CodeIgniter\Database\MySQLi\Connection->connect(false)
#1 C:\wamp64\www\codeignit\system\Database\BaseConnection.php(575): CodeIgniter\Database\BaseConnection->initialize()
#2 C:\wamp64\www\codeignit\app\Models\Monmodele.php(9): CodeIgniter\Database\BaseConnection->query('SELECT * FROM C...')
#3 C:\wamp64\www\codeignit\app\Controllers\Moncontroleur.php(9): App\Models\Monmodele->getLesContacts()
#4 C:\wamp64\www\codeignit\system\CodeIgniter.php(942): App\Controllers\Moncontroleur->index()
#5 C:\wamp64\www\codeignit\system\CodeIgniter.php(502): CodeIgniter\CodeIgniter->runController(Object(App\Controllers\Moncontroleur))
#6 C:\wamp64\www\codeignit\system\CodeIgniter.php(361): CodeIgniter\CodeIgniter->handleRequest(NULL, Object(Config\Cache), false)
#7 C:\wamp64\www\codeignit\public\index.php(79): CodeIgniter\CodeIgniter->run()
#8 {main}
CRITICAL - 2024-12-02 21:48:50 --> Unable to connect to the database.
Main connection [MySQLi]: Une tentative de connexion a échoué car le parti connecté n’a pas répondu convenablement au-delà d’une certaine durée ou une connexion établie a échoué car l’hôte de connexion n’a pas répondu
in SYSTEMPATH\Database\BaseConnection.php on line 428.
 1 SYSTEMPATH\Database\BaseConnection.php(575): CodeIgniter\Database\BaseConnection->initialize()
 2 APPPATH\Models\Monmodele.php(9): CodeIgniter\Database\BaseConnection->query('SELECT * FROM Contact')
 3 APPPATH\Controllers\Moncontroleur.php(9): App\Models\Monmodele->getLesContacts()
 4 SYSTEMPATH\CodeIgniter.php(942): App\Controllers\Moncontroleur->index()
 5 SYSTEMPATH\CodeIgniter.php(502): CodeIgniter\CodeIgniter->runController(Object(App\Controllers\Moncontroleur))
 6 SYSTEMPATH\CodeIgniter.php(361): CodeIgniter\CodeIgniter->handleRequest(null, Object(Config\Cache), false)
 7 FCPATH\index.php(79): CodeIgniter\CodeIgniter->run()
ERROR - 2024-12-02 21:48:59 --> Error connecting to the database: mysqli_sql_exception: Une tentative de connexion a échoué car le parti connecté n’a pas répondu convenablement au-delà d’une certaine durée ou une connexion établie a échoué car l’hôte de connexion n’a pas répondu in C:\wamp64\www\codeignit\system\Database\MySQLi\Connection.php:185
Stack trace:
#0 C:\wamp64\www\codeignit\system\Database\MySQLi\Connection.php(185): mysqli->real_connect('172.16.203.206', 'sio', 'Vanille2010', 'TPContact', 3306, '', 0)
#1 C:\wamp64\www\codeignit\system\Database\BaseConnection.php(392): CodeIgniter\Database\MySQLi\Connection->connect(false)
#2 C:\wamp64\www\codeignit\system\Database\BaseConnection.php(575): CodeIgniter\Database\BaseConnection->initialize()
#3 C:\wamp64\www\codeignit\app\Models\Monmodele.php(9): CodeIgniter\Database\BaseConnection->query('SELECT * FROM C...')
#4 C:\wamp64\www\codeignit\app\Controllers\Moncontroleur.php(9): App\Models\Monmodele->getLesContacts()
#5 C:\wamp64\www\codeignit\system\CodeIgniter.php(942): App\Controllers\Moncontroleur->index()
#6 C:\wamp64\www\codeignit\system\CodeIgniter.php(502): CodeIgniter\CodeIgniter->runController(Object(App\Controllers\Moncontroleur))
#7 C:\wamp64\www\codeignit\system\CodeIgniter.php(361): CodeIgniter\CodeIgniter->handleRequest(NULL, Object(Config\Cache), false)
#8 C:\wamp64\www\codeignit\public\index.php(79): CodeIgniter\CodeIgniter->run()
#9 {main}

Next CodeIgniter\Database\Exceptions\DatabaseException: Une tentative de connexion a échoué car le parti connecté n’a pas répondu convenablement au-delà d’une certaine durée ou une connexion établie a échoué car l’hôte de connexion n’a pas répondu in C:\wamp64\www\codeignit\system\Database\MySQLi\Connection.php:229
Stack trace:
#0 C:\wamp64\www\codeignit\system\Database\BaseConnection.php(392): CodeIgniter\Database\MySQLi\Connection->connect(false)
#1 C:\wamp64\www\codeignit\system\Database\BaseConnection.php(575): CodeIgniter\Database\BaseConnection->initialize()
#2 C:\wamp64\www\codeignit\app\Models\Monmodele.php(9): CodeIgniter\Database\BaseConnection->query('SELECT * FROM C...')
#3 C:\wamp64\www\codeignit\app\Controllers\Moncontroleur.php(9): App\Models\Monmodele->getLesContacts()
#4 C:\wamp64\www\codeignit\system\CodeIgniter.php(942): App\Controllers\Moncontroleur->index()
#5 C:\wamp64\www\codeignit\system\CodeIgniter.php(502): CodeIgniter\CodeIgniter->runController(Object(App\Controllers\Moncontroleur))
#6 C:\wamp64\www\codeignit\system\CodeIgniter.php(361): CodeIgniter\CodeIgniter->handleRequest(NULL, Object(Config\Cache), false)
#7 C:\wamp64\www\codeignit\public\index.php(79): CodeIgniter\CodeIgniter->run()
#8 {main}
CRITICAL - 2024-12-02 21:48:59 --> Unable to connect to the database.
Main connection [MySQLi]: Une tentative de connexion a échoué car le parti connecté n’a pas répondu convenablement au-delà d’une certaine durée ou une connexion établie a échoué car l’hôte de connexion n’a pas répondu
in SYSTEMPATH\Database\BaseConnection.php on line 428.
 1 SYSTEMPATH\Database\BaseConnection.php(575): CodeIgniter\Database\BaseConnection->initialize()
 2 APPPATH\Models\Monmodele.php(9): CodeIgniter\Database\BaseConnection->query('SELECT * FROM Contact')
 3 APPPATH\Controllers\Moncontroleur.php(9): App\Models\Monmodele->getLesContacts()
 4 SYSTEMPATH\CodeIgniter.php(942): App\Controllers\Moncontroleur->index()
 5 SYSTEMPATH\CodeIgniter.php(502): CodeIgniter\CodeIgniter->runController(Object(App\Controllers\Moncontroleur))
 6 SYSTEMPATH\CodeIgniter.php(361): CodeIgniter\CodeIgniter->handleRequest(null, Object(Config\Cache), false)
 7 FCPATH\index.php(79): CodeIgniter\CodeIgniter->run()
ERROR - 2024-12-02 21:52:38 --> mysqli_sql_exception: La table 'tpcontact.contact' n'existe pas in C:\wamp64\www\codeignit\system\Database\MySQLi\Connection.php:306
Stack trace:
#0 C:\wamp64\www\codeignit\system\Database\MySQLi\Connection.php(306): mysqli->query('SELECT * FROM C...', 0)
#1 C:\wamp64\www\codeignit\system\Database\BaseConnection.php(693): CodeIgniter\Database\MySQLi\Connection->execute('SELECT * FROM C...')
#2 C:\wamp64\www\codeignit\system\Database\BaseConnection.php(607): CodeIgniter\Database\BaseConnection->simpleQuery('SELECT * FROM C...')
#3 C:\wamp64\www\codeignit\app\Models\Monmodele.php(9): CodeIgniter\Database\BaseConnection->query('SELECT * FROM C...')
#4 C:\wamp64\www\codeignit\app\Controllers\Moncontroleur.php(9): App\Models\Monmodele->getLesContacts()
#5 C:\wamp64\www\codeignit\system\CodeIgniter.php(942): App\Controllers\Moncontroleur->index()
#6 C:\wamp64\www\codeignit\system\CodeIgniter.php(502): CodeIgniter\CodeIgniter->runController(Object(App\Controllers\Moncontroleur))
#7 C:\wamp64\www\codeignit\system\CodeIgniter.php(361): CodeIgniter\CodeIgniter->handleRequest(NULL, Object(Config\Cache), false)
#8 C:\wamp64\www\codeignit\public\index.php(79): CodeIgniter\CodeIgniter->run()
#9 {main}
CRITICAL - 2024-12-02 21:52:38 --> La table 'tpcontact.contact' n'existe pas
in SYSTEMPATH\Database\BaseConnection.php on line 647.
 1 APPPATH\Models\Monmodele.php(9): CodeIgniter\Database\BaseConnection->query('SELECT * FROM Contact')
 2 APPPATH\Controllers\Moncontroleur.php(9): App\Models\Monmodele->getLesContacts()
 3 SYSTEMPATH\CodeIgniter.php(942): App\Controllers\Moncontroleur->index()
 4 SYSTEMPATH\CodeIgniter.php(502): CodeIgniter\CodeIgniter->runController(Object(App\Controllers\Moncontroleur))
 5 SYSTEMPATH\CodeIgniter.php(361): CodeIgniter\CodeIgniter->handleRequest(null, Object(Config\Cache), false)
 6 FCPATH\index.php(79): CodeIgniter\CodeIgniter->run()
CRITICAL - 2024-12-02 22:46:04 --> Undefined variable $action
in APPPATH\Views\menu.php on line 21.
 1 APPPATH\Views\menu.php(21): CodeIgniter\Debug\Exceptions->errorHandler(2, 'Undefined variable $action', 'C:\\wamp64\\www\\codeignit\\app\\Views\\menu.php', 21)
 2 SYSTEMPATH\View\View.php(228): include('C:\\wamp64\\www\\codeignit\\app\\Views\\menu.php')
 3 SYSTEMPATH\View\View.php(231): CodeIgniter\View\View->CodeIgniter\View\{closure}()
 4 SYSTEMPATH\Common.php(1190): CodeIgniter\View\View->render('menu', [], true)
 5 APPPATH\Controllers\Controleurmain.php(9): view('menu')
 6 SYSTEMPATH\CodeIgniter.php(942): App\Controllers\Controleurmain->index()
 7 SYSTEMPATH\CodeIgniter.php(502): CodeIgniter\CodeIgniter->runController(Object(App\Controllers\Controleurmain))
 8 SYSTEMPATH\CodeIgniter.php(361): CodeIgniter\CodeIgniter->handleRequest(null, Object(Config\Cache), false)
 9 FCPATH\index.php(79): CodeIgniter\CodeIgniter->run()
CRITICAL - 2024-12-02 22:48:31 --> Undefined variable $action
in APPPATH\Views\menu.php on line 21.
 1 APPPATH\Views\menu.php(21): CodeIgniter\Debug\Exceptions->errorHandler(2, 'Undefined variable $action', 'C:\\wamp64\\www\\codeignit\\app\\Views\\menu.php', 21)
 2 SYSTEMPATH\View\View.php(228): include('C:\\wamp64\\www\\codeignit\\app\\Views\\menu.php')
 3 SYSTEMPATH\View\View.php(231): CodeIgniter\View\View->CodeIgniter\View\{closure}()
 4 SYSTEMPATH\Common.php(1190): CodeIgniter\View\View->render('menu', [], true)
 5 APPPATH\Controllers\Controleurmain.php(39): view('menu', [...])
 6 SYSTEMPATH\CodeIgniter.php(942): App\Controllers\Controleurmain->index()
 7 SYSTEMPATH\CodeIgniter.php(502): CodeIgniter\CodeIgniter->runController(Object(App\Controllers\Controleurmain))
 8 SYSTEMPATH\CodeIgniter.php(361): CodeIgniter\CodeIgniter->handleRequest(null, Object(Config\Cache), false)
 9 FCPATH\index.php(79): CodeIgniter\CodeIgniter->run()
CRITICAL - 2024-12-02 22:48:34 --> Undefined variable $action
in APPPATH\Views\menu.php on line 21.
 1 APPPATH\Views\menu.php(21): CodeIgniter\Debug\Exceptions->errorHandler(2, 'Undefined variable $action', 'C:\\wamp64\\www\\codeignit\\app\\Views\\menu.php', 21)
 2 SYSTEMPATH\View\View.php(228): include('C:\\wamp64\\www\\codeignit\\app\\Views\\menu.php')
 3 SYSTEMPATH\View\View.php(231): CodeIgniter\View\View->CodeIgniter\View\{closure}()
 4 SYSTEMPATH\Common.php(1190): CodeIgniter\View\View->render('menu', [], true)
 5 APPPATH\Controllers\Controleurmain.php(39): view('menu', [...])
 6 SYSTEMPATH\CodeIgniter.php(942): App\Controllers\Controleurmain->index()
 7 SYSTEMPATH\CodeIgniter.php(502): CodeIgniter\CodeIgniter->runController(Object(App\Controllers\Controleurmain))
 8 SYSTEMPATH\CodeIgniter.php(361): CodeIgniter\CodeIgniter->handleRequest(null, Object(Config\Cache), false)
 9 FCPATH\index.php(79): CodeIgniter\CodeIgniter->run()
CRITICAL - 2024-12-02 22:55:06 --> Call to undefined method App\Controllers\Controleurmain::view()
in APPPATH\Controllers\Controleurmain.php on line 18.
 1 SYSTEMPATH\CodeIgniter.php(942): App\Controllers\Controleurmain->afficher()
 2 SYSTEMPATH\CodeIgniter.php(502): CodeIgniter\CodeIgniter->runController(Object(App\Controllers\Controleurmain))
 3 SYSTEMPATH\CodeIgniter.php(361): CodeIgniter\CodeIgniter->handleRequest(null, Object(Config\Cache), false)
 4 FCPATH\index.php(79): CodeIgniter\CodeIgniter->run()
CRITICAL - 2024-12-02 23:03:49 --> Undefined variable $data
in APPPATH\Controllers\Controleurmain.php on line 20.
 1 APPPATH\Controllers\Controleurmain.php(20): CodeIgniter\Debug\Exceptions->errorHandler(2, 'Undefined variable $data', 'C:\\wamp64\\www\\codeignit\\app\\Controllers\\Controleurmain.php', 20)
 2 SYSTEMPATH\CodeIgniter.php(942): App\Controllers\Controleurmain->afficher()
 3 SYSTEMPATH\CodeIgniter.php(502): CodeIgniter\CodeIgniter->runController(Object(App\Controllers\Controleurmain))
 4 SYSTEMPATH\CodeIgniter.php(361): CodeIgniter\CodeIgniter->handleRequest(null, Object(Config\Cache), false)
 5 FCPATH\index.php(79): CodeIgniter\CodeIgniter->run()
CRITICAL - 2024-12-02 23:05:55 --> Undefined variable $data
in APPPATH\Controllers\Controleurmain.php on line 10.
 1 APPPATH\Controllers\Controleurmain.php(10): CodeIgniter\Debug\Exceptions->errorHandler(2, 'Undefined variable $data', 'C:\\wamp64\\www\\codeignit\\app\\Controllers\\Controleurmain.php', 10)
 2 SYSTEMPATH\CodeIgniter.php(942): App\Controllers\Controleurmain->index()
 3 SYSTEMPATH\CodeIgniter.php(502): CodeIgniter\CodeIgniter->runController(Object(App\Controllers\Controleurmain))
 4 SYSTEMPATH\CodeIgniter.php(361): CodeIgniter\CodeIgniter->handleRequest(null, Object(Config\Cache), false)
 5 FCPATH\index.php(79): CodeIgniter\CodeIgniter->run()
CRITICAL - 2024-12-02 23:13:29 --> Assignments can only happen to writable values
in APPPATH\Controllers\Controleurmain.php on line 16.
 1 [internal function]: CodeIgniter\Debug\Exceptions->shutdownHandler()
CRITICAL - 2024-12-02 23:17:40 --> Invalid file: "nbContacts.php"
in SYSTEMPATH\Exceptions\FrameworkException.php on line 39.
 1 SYSTEMPATH\View\View.php(216): CodeIgniter\Exceptions\FrameworkException::forInvalidFile('nbContacts.php')
 2 SYSTEMPATH\Common.php(1190): CodeIgniter\View\View->render('nbContacts', [], true)
 3 APPPATH\Controllers\Controleurmain.php(24): view('nbContacts', [...])
 4 SYSTEMPATH\CodeIgniter.php(942): App\Controllers\Controleurmain->nbContacts()
 5 SYSTEMPATH\CodeIgniter.php(502): CodeIgniter\CodeIgniter->runController(Object(App\Controllers\Controleurmain))
 6 SYSTEMPATH\CodeIgniter.php(361): CodeIgniter\CodeIgniter->handleRequest(null, Object(Config\Cache), false)
 7 FCPATH\index.php(79): CodeIgniter\CodeIgniter->run()
CRITICAL - 2024-12-02 23:18:30 --> syntax error, unexpected token "echo"
in APPPATH\Views\nbcontacts.php on line 11.
 1 SYSTEMPATH\View\View.php(231): CodeIgniter\View\View->CodeIgniter\View\{closure}()
 2 SYSTEMPATH\Common.php(1190): CodeIgniter\View\View->render('nbContacts', [], true)
 3 APPPATH\Controllers\Controleurmain.php(24): view('nbContacts', [...])
 4 SYSTEMPATH\CodeIgniter.php(942): App\Controllers\Controleurmain->nbContacts()
 5 SYSTEMPATH\CodeIgniter.php(502): CodeIgniter\CodeIgniter->runController(Object(App\Controllers\Controleurmain))
 6 SYSTEMPATH\CodeIgniter.php(361): CodeIgniter\CodeIgniter->handleRequest(null, Object(Config\Cache), false)
 7 FCPATH\index.php(79): CodeIgniter\CodeIgniter->run()
CRITICAL - 2024-12-02 23:19:04 --> Undefined variable $data
in APPPATH\Views\nbcontacts.php on line 11.
 1 APPPATH\Views\nbcontacts.php(11): CodeIgniter\Debug\Exceptions->errorHandler(2, 'Undefined variable $data', 'C:\\wamp64\\www\\codeignit\\app\\Views\\nbcontacts.php', 11)
 2 SYSTEMPATH\View\View.php(228): include('C:\\wamp64\\www\\codeignit\\app\\Views\\nbcontacts.php')
 3 SYSTEMPATH\View\View.php(231): CodeIgniter\View\View->CodeIgniter\View\{closure}()
 4 SYSTEMPATH\Common.php(1190): CodeIgniter\View\View->render('nbContacts', [], true)
 5 APPPATH\Controllers\Controleurmain.php(24): view('nbContacts', [...])
 6 SYSTEMPATH\CodeIgniter.php(942): App\Controllers\Controleurmain->nbContacts()
 7 SYSTEMPATH\CodeIgniter.php(502): CodeIgniter\CodeIgniter->runController(Object(App\Controllers\Controleurmain))
 8 SYSTEMPATH\CodeIgniter.php(361): CodeIgniter\CodeIgniter->handleRequest(null, Object(Config\Cache), false)
 9 FCPATH\index.php(79): CodeIgniter\CodeIgniter->run()
CRITICAL - 2024-12-02 23:19:23 --> Undefined variable $data
in APPPATH\Views\nbcontacts.php on line 11.
 1 APPPATH\Views\nbcontacts.php(11): CodeIgniter\Debug\Exceptions->errorHandler(2, 'Undefined variable $data', 'C:\\wamp64\\www\\codeignit\\app\\Views\\nbcontacts.php', 11)
 2 SYSTEMPATH\View\View.php(228): include('C:\\wamp64\\www\\codeignit\\app\\Views\\nbcontacts.php')
 3 SYSTEMPATH\View\View.php(231): CodeIgniter\View\View->CodeIgniter\View\{closure}()
 4 SYSTEMPATH\Common.php(1190): CodeIgniter\View\View->render('nbContacts', [], true)
 5 APPPATH\Controllers\Controleurmain.php(24): view('nbContacts', [...])
 6 SYSTEMPATH\CodeIgniter.php(942): App\Controllers\Controleurmain->nbContacts()
 7 SYSTEMPATH\CodeIgniter.php(502): CodeIgniter\CodeIgniter->runController(Object(App\Controllers\Controleurmain))
 8 SYSTEMPATH\CodeIgniter.php(361): CodeIgniter\CodeIgniter->handleRequest(null, Object(Config\Cache), false)
 9 FCPATH\index.php(79): CodeIgniter\CodeIgniter->run()
