CRITICAL - 2025-02-26 03:53:48 --> syntax error, unexpected end of file
in APPPATH\Views\menu.php on line 47.
 1 SYSTEMPATH\View\View.php(231): CodeIgniter\View\View->CodeIgniter\View\{closure}()
 2 SYSTEMPATH\Common.php(1190): CodeIgniter\View\View->render('menu', [], true)
 3 APPPATH\Controllers\Controleurmain.php(15): view('menu')
 4 SYSTEMPATH\CodeIgniter.php(942): App\Controllers\Controleurmain->index()
 5 SYSTEMPATH\CodeIgniter.php(502): CodeIgniter\CodeIgniter->runController(Object(App\Controllers\Controleurmain))
 6 SYSTEMPATH\CodeIgniter.php(361): CodeIgniter\CodeIgniter->handleRequest(null, Object(Config\Cache), false)
 7 FCPATH\index.php(79): CodeIgniter\CodeIgniter->run()
CRITICAL - 2025-02-26 04:01:32 --> You must set the database table to be used with your query.
in SYSTEMPATH\Database\BaseConnection.php on line 884.
 1 SYSTEMPATH\Model.php(635): CodeIgniter\Database\BaseConnection->table(null)
 2 SYSTEMPATH\Model.php(863): CodeIgniter\Model->builder()
 3 APPPATH\Models\Monmodele.php(96): CodeIgniter\Model->__call('where', [...])
 4 APPPATH\Controllers\Controleurmain.php(117): App\Models\Monmodele->getUserById('3')
 5 SYSTEMPATH\CodeIgniter.php(942): App\Controllers\Controleurmain->profil()
 6 SYSTEMPATH\CodeIgniter.php(502): CodeIgniter\CodeIgniter->runController(Object(App\Controllers\Controleurmain))
 7 SYSTEMPATH\CodeIgniter.php(361): CodeIgniter\CodeIgniter->handleRequest(null, Object(Config\Cache), false)
 8 FCPATH\index.php(79): CodeIgniter\CodeIgniter->run()
CRITICAL - 2025-02-26 04:06:31 --> Undefined variable $user
in APPPATH\Views\profil.php on line 21.
 1 APPPATH\Views\profil.php(21): CodeIgniter\Debug\Exceptions->errorHandler(2, 'Undefined variable $user', 'C:\\wamp64\\www\\NouvelleVague\\NouvelleVague\\app\\Views\\profil.php', 21)
 2 SYSTEMPATH\View\View.php(228): include('C:\\wamp64\\www\\NouvelleVague\\NouvelleVague\\app\\Views\\profil.php')
 3 SYSTEMPATH\View\View.php(231): CodeIgniter\View\View->CodeIgniter\View\{closure}()
 4 SYSTEMPATH\Common.php(1190): CodeIgniter\View\View->render('profil', [], true)
 5 APPPATH\Controllers\Controleurmain.php(36): view('profil')
 6 SYSTEMPATH\CodeIgniter.php(942): App\Controllers\Controleurmain->pgProfil()
 7 SYSTEMPATH\CodeIgniter.php(502): CodeIgniter\CodeIgniter->runController(Object(App\Controllers\Controleurmain))
 8 SYSTEMPATH\CodeIgniter.php(361): CodeIgniter\CodeIgniter->handleRequest(null, Object(Config\Cache), false)
 9 FCPATH\index.php(79): CodeIgniter\CodeIgniter->run()
CRITICAL - 2025-02-26 04:06:38 --> Undefined variable $user
in APPPATH\Views\profil.php on line 21.
 1 APPPATH\Views\profil.php(21): CodeIgniter\Debug\Exceptions->errorHandler(2, 'Undefined variable $user', 'C:\\wamp64\\www\\NouvelleVague\\NouvelleVague\\app\\Views\\profil.php', 21)
 2 SYSTEMPATH\View\View.php(228): include('C:\\wamp64\\www\\NouvelleVague\\NouvelleVague\\app\\Views\\profil.php')
 3 SYSTEMPATH\View\View.php(231): CodeIgniter\View\View->CodeIgniter\View\{closure}()
 4 SYSTEMPATH\Common.php(1190): CodeIgniter\View\View->render('profil', [], true)
 5 APPPATH\Controllers\Controleurmain.php(36): view('profil')
 6 SYSTEMPATH\CodeIgniter.php(942): App\Controllers\Controleurmain->pgProfil()
 7 SYSTEMPATH\CodeIgniter.php(502): CodeIgniter\CodeIgniter->runController(Object(App\Controllers\Controleurmain))
 8 SYSTEMPATH\CodeIgniter.php(361): CodeIgniter\CodeIgniter->handleRequest(null, Object(Config\Cache), false)
 9 FCPATH\index.php(79): CodeIgniter\CodeIgniter->run()
CRITICAL - 2025-02-26 04:06:48 --> Undefined variable $user
in APPPATH\Views\profil.php on line 21.
 1 APPPATH\Views\profil.php(21): CodeIgniter\Debug\Exceptions->errorHandler(2, 'Undefined variable $user', 'C:\\wamp64\\www\\NouvelleVague\\NouvelleVague\\app\\Views\\profil.php', 21)
 2 SYSTEMPATH\View\View.php(228): include('C:\\wamp64\\www\\NouvelleVague\\NouvelleVague\\app\\Views\\profil.php')
 3 SYSTEMPATH\View\View.php(231): CodeIgniter\View\View->CodeIgniter\View\{closure}()
 4 SYSTEMPATH\Common.php(1190): CodeIgniter\View\View->render('profil', [], true)
 5 APPPATH\Controllers\Controleurmain.php(36): view('profil')
 6 SYSTEMPATH\CodeIgniter.php(942): App\Controllers\Controleurmain->pgProfil()
 7 SYSTEMPATH\CodeIgniter.php(502): CodeIgniter\CodeIgniter->runController(Object(App\Controllers\Controleurmain))
 8 SYSTEMPATH\CodeIgniter.php(361): CodeIgniter\CodeIgniter->handleRequest(null, Object(Config\Cache), false)
 9 FCPATH\index.php(79): CodeIgniter\CodeIgniter->run()
CRITICAL - 2025-02-26 04:07:25 --> Undefined variable $user
in APPPATH\Views\profil.php on line 21.
 1 APPPATH\Views\profil.php(21): CodeIgniter\Debug\Exceptions->errorHandler(2, 'Undefined variable $user', 'C:\\wamp64\\www\\NouvelleVague\\NouvelleVague\\app\\Views\\profil.php', 21)
 2 SYSTEMPATH\View\View.php(228): include('C:\\wamp64\\www\\NouvelleVague\\NouvelleVague\\app\\Views\\profil.php')
 3 SYSTEMPATH\View\View.php(231): CodeIgniter\View\View->CodeIgniter\View\{closure}()
 4 SYSTEMPATH\Common.php(1190): CodeIgniter\View\View->render('profil', [], true)
 5 APPPATH\Controllers\Controleurmain.php(36): view('profil')
 6 SYSTEMPATH\CodeIgniter.php(942): App\Controllers\Controleurmain->pgProfil()
 7 SYSTEMPATH\CodeIgniter.php(502): CodeIgniter\CodeIgniter->runController(Object(App\Controllers\Controleurmain))
 8 SYSTEMPATH\CodeIgniter.php(361): CodeIgniter\CodeIgniter->handleRequest(null, Object(Config\Cache), false)
 9 FCPATH\index.php(79): CodeIgniter\CodeIgniter->run()
CRITICAL - 2025-02-26 04:07:27 --> Undefined variable $user
in APPPATH\Views\profil.php on line 21.
 1 APPPATH\Views\profil.php(21): CodeIgniter\Debug\Exceptions->errorHandler(2, 'Undefined variable $user', 'C:\\wamp64\\www\\NouvelleVague\\NouvelleVague\\app\\Views\\profil.php', 21)
 2 SYSTEMPATH\View\View.php(228): include('C:\\wamp64\\www\\NouvelleVague\\NouvelleVague\\app\\Views\\profil.php')
 3 SYSTEMPATH\View\View.php(231): CodeIgniter\View\View->CodeIgniter\View\{closure}()
 4 SYSTEMPATH\Common.php(1190): CodeIgniter\View\View->render('profil', [], true)
 5 APPPATH\Controllers\Controleurmain.php(36): view('profil')
 6 SYSTEMPATH\CodeIgniter.php(942): App\Controllers\Controleurmain->pgProfil()
 7 SYSTEMPATH\CodeIgniter.php(502): CodeIgniter\CodeIgniter->runController(Object(App\Controllers\Controleurmain))
 8 SYSTEMPATH\CodeIgniter.php(361): CodeIgniter\CodeIgniter->handleRequest(null, Object(Config\Cache), false)
 9 FCPATH\index.php(79): CodeIgniter\CodeIgniter->run()
CRITICAL - 2025-02-26 04:09:26 --> Undefined variable $user
in APPPATH\Views\profil.php on line 21.
 1 APPPATH\Views\profil.php(21): CodeIgniter\Debug\Exceptions->errorHandler(2, 'Undefined variable $user', 'C:\\wamp64\\www\\NouvelleVague\\NouvelleVague\\app\\Views\\profil.php', 21)
 2 SYSTEMPATH\View\View.php(228): include('C:\\wamp64\\www\\NouvelleVague\\NouvelleVague\\app\\Views\\profil.php')
 3 SYSTEMPATH\View\View.php(231): CodeIgniter\View\View->CodeIgniter\View\{closure}()
 4 SYSTEMPATH\Common.php(1190): CodeIgniter\View\View->render('profil', [], true)
 5 APPPATH\Controllers\Controleurmain.php(36): view('profil')
 6 SYSTEMPATH\CodeIgniter.php(942): App\Controllers\Controleurmain->pgProfil()
 7 SYSTEMPATH\CodeIgniter.php(502): CodeIgniter\CodeIgniter->runController(Object(App\Controllers\Controleurmain))
 8 SYSTEMPATH\CodeIgniter.php(361): CodeIgniter\CodeIgniter->handleRequest(null, Object(Config\Cache), false)
 9 FCPATH\index.php(79): CodeIgniter\CodeIgniter->run()
CRITICAL - 2025-02-26 04:09:27 --> Undefined variable $user
in APPPATH\Views\profil.php on line 21.
 1 APPPATH\Views\profil.php(21): CodeIgniter\Debug\Exceptions->errorHandler(2, 'Undefined variable $user', 'C:\\wamp64\\www\\NouvelleVague\\NouvelleVague\\app\\Views\\profil.php', 21)
 2 SYSTEMPATH\View\View.php(228): include('C:\\wamp64\\www\\NouvelleVague\\NouvelleVague\\app\\Views\\profil.php')
 3 SYSTEMPATH\View\View.php(231): CodeIgniter\View\View->CodeIgniter\View\{closure}()
 4 SYSTEMPATH\Common.php(1190): CodeIgniter\View\View->render('profil', [], true)
 5 APPPATH\Controllers\Controleurmain.php(36): view('profil')
 6 SYSTEMPATH\CodeIgniter.php(942): App\Controllers\Controleurmain->pgProfil()
 7 SYSTEMPATH\CodeIgniter.php(502): CodeIgniter\CodeIgniter->runController(Object(App\Controllers\Controleurmain))
 8 SYSTEMPATH\CodeIgniter.php(361): CodeIgniter\CodeIgniter->handleRequest(null, Object(Config\Cache), false)
 9 FCPATH\index.php(79): CodeIgniter\CodeIgniter->run()
CRITICAL - 2025-02-26 04:09:29 --> Undefined variable $user
in APPPATH\Views\profil.php on line 21.
 1 APPPATH\Views\profil.php(21): CodeIgniter\Debug\Exceptions->errorHandler(2, 'Undefined variable $user', 'C:\\wamp64\\www\\NouvelleVague\\NouvelleVague\\app\\Views\\profil.php', 21)
 2 SYSTEMPATH\View\View.php(228): include('C:\\wamp64\\www\\NouvelleVague\\NouvelleVague\\app\\Views\\profil.php')
 3 SYSTEMPATH\View\View.php(231): CodeIgniter\View\View->CodeIgniter\View\{closure}()
 4 SYSTEMPATH\Common.php(1190): CodeIgniter\View\View->render('profil', [], true)
 5 APPPATH\Controllers\Controleurmain.php(36): view('profil')
 6 SYSTEMPATH\CodeIgniter.php(942): App\Controllers\Controleurmain->pgProfil()
 7 SYSTEMPATH\CodeIgniter.php(502): CodeIgniter\CodeIgniter->runController(Object(App\Controllers\Controleurmain))
 8 SYSTEMPATH\CodeIgniter.php(361): CodeIgniter\CodeIgniter->handleRequest(null, Object(Config\Cache), false)
 9 FCPATH\index.php(79): CodeIgniter\CodeIgniter->run()
CRITICAL - 2025-02-26 04:11:24 --> Undefined variable $user
in APPPATH\Views\profil.php on line 21.
 1 APPPATH\Views\profil.php(21): CodeIgniter\Debug\Exceptions->errorHandler(2, 'Undefined variable $user', 'C:\\wamp64\\www\\NouvelleVague\\NouvelleVague\\app\\Views\\profil.php', 21)
 2 SYSTEMPATH\View\View.php(228): include('C:\\wamp64\\www\\NouvelleVague\\NouvelleVague\\app\\Views\\profil.php')
 3 SYSTEMPATH\View\View.php(231): CodeIgniter\View\View->CodeIgniter\View\{closure}()
 4 SYSTEMPATH\Common.php(1190): CodeIgniter\View\View->render('profil', [], true)
 5 APPPATH\Controllers\Controleurmain.php(36): view('profil')
 6 SYSTEMPATH\CodeIgniter.php(942): App\Controllers\Controleurmain->pgProfil()
 7 SYSTEMPATH\CodeIgniter.php(502): CodeIgniter\CodeIgniter->runController(Object(App\Controllers\Controleurmain))
 8 SYSTEMPATH\CodeIgniter.php(361): CodeIgniter\CodeIgniter->handleRequest(null, Object(Config\Cache), false)
 9 FCPATH\index.php(79): CodeIgniter\CodeIgniter->run()
CRITICAL - 2025-02-26 04:11:45 --> Undefined variable $user
in APPPATH\Views\profil.php on line 21.
 1 APPPATH\Views\profil.php(21): CodeIgniter\Debug\Exceptions->errorHandler(2, 'Undefined variable $user', 'C:\\wamp64\\www\\NouvelleVague\\NouvelleVague\\app\\Views\\profil.php', 21)
 2 SYSTEMPATH\View\View.php(228): include('C:\\wamp64\\www\\NouvelleVague\\NouvelleVague\\app\\Views\\profil.php')
 3 SYSTEMPATH\View\View.php(231): CodeIgniter\View\View->CodeIgniter\View\{closure}()
 4 SYSTEMPATH\Common.php(1190): CodeIgniter\View\View->render('profil', [], true)
 5 APPPATH\Controllers\Controleurmain.php(36): view('profil')
 6 SYSTEMPATH\CodeIgniter.php(942): App\Controllers\Controleurmain->pgProfil()
 7 SYSTEMPATH\CodeIgniter.php(502): CodeIgniter\CodeIgniter->runController(Object(App\Controllers\Controleurmain))
 8 SYSTEMPATH\CodeIgniter.php(361): CodeIgniter\CodeIgniter->handleRequest(null, Object(Config\Cache), false)
 9 FCPATH\index.php(79): CodeIgniter\CodeIgniter->run()
